<?xml version="1.0" encoding="UTF-8"?>
<!-- Generated by org.testng.reporters.JUnitReportReporter -->
<testsuite hostname="Vostro-CJ53HZ1" name="test.TestFlightSearch" tests="1" failures="0" timestamp="30 Jan 2017 06:16:55 GMT" time="22.497" errors="0">
  <testcase name="testValidation" time="22.497" classname="test.TestFlightSearch"/>
</testsuite> <!-- test.TestFlightSearch -->
